2025-11-18 20:02:29 - app.middleware.logging - ERROR - üí• GET http://test/api/v1/admin/images/list - ERROR: ImageService.list_images() got an unexpected keyword argument 'prefix' - 0.001s
2025-11-18 20:02:29 - app.core.exceptions - ERROR - Unexpected error: ImageService.list_images() got an unexpected keyword argument 'prefix'
Traceback (most recent call last):
  File "/Users/ryze.ai/projects/campusconnect-backend/venv/lib/python3.11/site-packages/anyio/streams/memory.py", line 98, in receive
    return self.receive_nowait()
           ^^^^^^^^^^^^^^^^^^^^^
  File "/Users/ryze.ai/projects/campusconnect-backend/venv/lib/python3.11/site-packages/anyio/streams/memory.py", line 93, in receive_nowait
    raise WouldBlock
anyio.WouldBlock

During handling of the above exception, another exception occurred:

Traceback (most recent call last):
  File "/Users/ryze.ai/projects/campusconnect-backend/venv/lib/python3.11/site-packages/starlette/middleware/base.py", line 78, in call_next
    message = await recv_stream.receive()
              ^^^^^^^^^^^^^^^^^^^^^^^^^^^
  File "/Users/ryze.ai/projects/campusconnect-backend/venv/lib/python3.11/site-packages/anyio/streams/memory.py", line 118, in receive
    raise EndOfStream
anyio.EndOfStream

During handling of the above exception, another exception occurred:

Traceback (most recent call last):
  File "/Users/ryze.ai/projects/campusconnect-backend/venv/lib/python3.11/site-packages/starlette/middleware/errors.py", line 162, in __call__
    await self.app(scope, receive, _send)
  File "/Users/ryze.ai/projects/campusconnect-backend/venv/lib/python3.11/site-packages/starlette/middleware/cors.py", line 83, in __call__
    await self.app(scope, receive, send)
  File "/Users/ryze.ai/projects/campusconnect-backend/venv/lib/python3.11/site-packages/starlette/middleware/base.py", line 108, in __call__
    response = await self.dispatch_func(request, call_next)
               ^^^^^^^^^^^^^^^^^^^^^^^^^^^^^^^^^^^^^^^^^^^^
  File "/Users/ryze.ai/projects/campusconnect-backend/app/middleware/logging.py", line 26, in dispatch
    response = await call_next(request)
               ^^^^^^^^^^^^^^^^^^^^^^^^
  File "/Users/ryze.ai/projects/campusconnect-backend/venv/lib/python3.11/site-packages/starlette/middleware/base.py", line 84, in call_next
    raise app_exc
  File "/Users/ryze.ai/projects/campusconnect-backend/venv/lib/python3.11/site-packages/starlette/middleware/base.py", line 70, in coro
    await self.app(scope, receive_or_disconnect, send_no_error)
  File "/Users/ryze.ai/projects/campusconnect-backend/venv/lib/python3.11/site-packages/starlette/middleware/exceptions.py", line 79, in __call__
    raise exc
  File "/Users/ryze.ai/projects/campusconnect-backend/venv/lib/python3.11/site-packages/starlette/middleware/exceptions.py", line 68, in __call__
    await self.app(scope, receive, sender)
  File "/Users/ryze.ai/projects/campusconnect-backend/venv/lib/python3.11/site-packages/fastapi/middleware/asyncexitstack.py", line 20, in __call__
    raise e
  File "/Users/ryze.ai/projects/campusconnect-backend/venv/lib/python3.11/site-packages/fastapi/middleware/asyncexitstack.py", line 17, in __call__
    await self.app(scope, receive, send)
  File "/Users/ryze.ai/projects/campusconnect-backend/venv/lib/python3.11/site-packages/starlette/routing.py", line 718, in __call__
    await route.handle(scope, receive, send)
  File "/Users/ryze.ai/projects/campusconnect-backend/venv/lib/python3.11/site-packages/starlette/routing.py", line 276, in handle
    await self.app(scope, receive, send)
  File "/Users/ryze.ai/projects/campusconnect-backend/venv/lib/python3.11/site-packages/starlette/routing.py", line 66, in app
    response = await func(request)
               ^^^^^^^^^^^^^^^^^^^
  File "/Users/ryze.ai/projects/campusconnect-backend/venv/lib/python3.11/site-packages/fastapi/routing.py", line 274, in app
    raw_response = await run_endpoint_function(
                   ^^^^^^^^^^^^^^^^^^^^^^^^^^^^
  File "/Users/ryze.ai/projects/campusconnect-backend/venv/lib/python3.11/site-packages/fastapi/routing.py", line 191, in run_endpoint_function
    return await dependant.call(**values)
           ^^^^^^^^^^^^^^^^^^^^^^^^^^^^^^
  File "/Users/ryze.ai/projects/campusconnect-backend/app/api/v1/admin_images.py", line 74, in list_images
    all_images = image_service.list_images(prefix="campusconnect")
                 ^^^^^^^^^^^^^^^^^^^^^^^^^^^^^^^^^^^^^^^^^^^^^^^^^
TypeError: ImageService.list_images() got an unexpected keyword argument 'prefix'
2025-11-18 20:02:37 - app.middleware.logging - ERROR - ‚ùå POST http://test/api/v1/contact/submit - 500 - 0.018s
2025-11-18 20:02:37 - app.middleware.logging - ERROR - ‚ùå POST http://test/api/v1/contact/submit - 500 - 0.008s
